This file contains any messages produced by compilers while
running configure, to aid debugging if configure makes a mistake.

It was created by configure, which was
generated by GNU Autoconf 2.69.  Invocation command line was

  $ ./configure --without-readline --enable-debug

## --------- ##
## Platform. ##
## --------- ##

hostname = invention
uname -m = x86_64
uname -r = 6.13.4-arch1-1
uname -s = Linux
uname -v = #1 SMP PREEMPT_DYNAMIC Sat, 22 Feb 2025 00:37:05 +0000

/usr/bin/uname -p = unknown
/bin/uname -X     = unknown

/bin/arch              = unknown
/usr/bin/arch -k       = unknown
/usr/convex/getsysinfo = unknown
/usr/bin/hostinfo      = unknown
/bin/machine           = unknown
/usr/bin/oslevel       = unknown
/bin/universe          = unknown

PATH: /home/linuxbrew/.linuxbrew/bin
PATH: /home/linuxbrew/.linuxbrew/sbin
PATH: /home/mranv/.pyenv/shims
PATH: /home/mranv/.local/share/gem/ruby/3.3.0/bin
PATH: /home/mranv/.local/bin
PATH: /home/linuxbrew/.linuxbrew/bin
PATH: /home/linuxbrew/.linuxbrew/sbin
PATH: /home/mranv/.local/share/gem/ruby/3.3.0/bin
PATH: /home/mranv/.local/bin
PATH: /home/linuxbrew/.linuxbrew/bin
PATH: /home/linuxbrew/.linuxbrew/sbin
PATH: /home/mranv/.pyenv/bin
PATH: /home/mranv/.local/share/gem/ruby/3.3.0/bin
PATH: /home/mranv/.nvm/versions/node/v18.19.0/bin
PATH: /home/mranv/.local/bin
PATH: /usr/local/bin
PATH: /usr/bin
PATH: /bin
PATH: /usr/local/sbin
PATH: /usr/bin/site_perl
PATH: /usr/bin/vendor_perl
PATH: /usr/bin/core_perl
PATH: /usr/lib/rustup/bin
PATH: /bin
PATH: /home/mranv/.vector/bin
PATH: /bin
PATH: /bin


## ----------- ##
## Core tests. ##
## ----------- ##

configure:2639: checking build system type
configure:2653: result: x86_64-pc-linux-gnu
configure:2673: checking host system type
configure:2686: result: x86_64-pc-linux-gnu
configure:2706: checking target system type
configure:2719: result: x86_64-pc-linux-gnu
configure:3015: checking for perl
configure:3033: found /usr/bin/perl
configure:3045: result: /usr/bin/perl
configure:3068: checking for yapp
configure:3099: result: false
configure:3168: checking for gcc
configure:3184: found /usr/bin/gcc
configure:3195: result: gcc
configure:3424: checking for C compiler version
configure:3433: gcc --version >&5
gcc (GCC) 14.2.1 20250207
Copyright (C) 2024 Free Software Foundation, Inc.
This is free software; see the source for copying conditions.  There is NO
warranty; not even for MERCHANTABILITY or FITNESS FOR A PARTICULAR PURPOSE.

configure:3444: $? = 0
configure:3433: gcc -v >&5
Using built-in specs.
COLLECT_GCC=gcc
COLLECT_LTO_WRAPPER=/usr/lib/gcc/x86_64-pc-linux-gnu/14.2.1/lto-wrapper
Target: x86_64-pc-linux-gnu
Configured with: /build/gcc/src/gcc/configure --enable-languages=ada,c,c++,d,fortran,go,lto,m2,objc,obj-c++,rust --enable-bootstrap --prefix=/usr --libdir=/usr/lib --libexecdir=/usr/lib --mandir=/usr/share/man --infodir=/usr/share/info --with-bugurl=https://gitlab.archlinux.org/archlinux/packaging/packages/gcc/-/issues --with-build-config=bootstrap-lto --with-linker-hash-style=gnu --with-system-zlib --enable-__cxa_atexit --enable-cet=auto --enable-checking=release --enable-clocale=gnu --enable-default-pie --enable-default-ssp --enable-gnu-indirect-function --enable-gnu-unique-object --enable-libstdcxx-backtrace --enable-link-serialization=1 --enable-linker-build-id --enable-lto --enable-multilib --enable-plugin --enable-shared --enable-threads=posix --disable-libssp --disable-libstdcxx-pch --disable-werror
Thread model: posix
Supported LTO compression algorithms: zlib zstd
gcc version 14.2.1 20250207 (GCC) 
configure:3444: $? = 0
configure:3433: gcc -V >&5
gcc: error: unrecognized command-line option '-V'
gcc: fatal error: no input files
compilation terminated.
configure:3444: $? = 1
configure:3433: gcc -qversion >&5
gcc: error: unrecognized command-line option '-qversion'; did you mean '--version'?
gcc: fatal error: no input files
compilation terminated.
configure:3444: $? = 1
configure:3464: checking whether the C compiler works
configure:3486: gcc  -I/usr/include/python2.7  conftest.c  >&5
configure:3490: $? = 0
configure:3538: result: yes
configure:3541: checking for C compiler default output file name
configure:3543: result: a.out
configure:3549: checking for suffix of executables
configure:3556: gcc -o conftest  -I/usr/include/python2.7  conftest.c  >&5
configure:3560: $? = 0
configure:3582: result: 
configure:3604: checking whether we are cross compiling
configure:3612: gcc -o conftest  -I/usr/include/python2.7  conftest.c  >&5
configure:3616: $? = 0
configure:3623: ./conftest
configure:3627: $? = 0
configure:3642: result: no
configure:3647: checking for suffix of object files
configure:3669: gcc -c  -I/usr/include/python2.7 conftest.c >&5
configure:3673: $? = 0
configure:3694: result: o
configure:3698: checking whether we are using the GNU C compiler
configure:3717: gcc -c  -I/usr/include/python2.7 conftest.c >&5
configure:3717: $? = 0
configure:3726: result: yes
configure:3735: checking whether gcc accepts -g
configure:3755: gcc -c -g -I/usr/include/python2.7 conftest.c >&5
configure:3755: $? = 0
configure:3796: result: yes
configure:3813: checking for gcc option to accept ISO C89
configure:3876: gcc  -c -g -O2 -I/usr/include/python2.7 conftest.c >&5
configure:3876: $? = 0
configure:3889: result: none needed
configure:4063: checking for version of gcc
configure:4066: result: 14.2.1
configure:4075: checking how to run the C preprocessor
configure:4145: result: gcc -E -ffreestanding
configure:4165: gcc -E -ffreestanding -I/usr/include/python2.7 conftest.c
configure:4165: $? = 0
configure:4179: gcc -E -ffreestanding -I/usr/include/python2.7 conftest.c
conftest.c:10:10: fatal error: ac_nonexistent.h: No such file or directory
   10 | #include <ac_nonexistent.h>
      |          ^~~~~~~~~~~~~~~~~~
compilation terminated.
configure:4179: $? = 1
configure: failed program was:
| /* confdefs.h */
| #define PACKAGE_NAME ""
| #define PACKAGE_TARNAME ""
| #define PACKAGE_VERSION ""
| #define PACKAGE_STRING ""
| #define PACKAGE_BUGREPORT ""
| #define PACKAGE_URL ""
| #define CONFIG_H_IS_FROM_SAMBA 1
| /* end confdefs.h.  */
| #include <ac_nonexistent.h>
configure:4208: checking for grep that handles long lines and -e
configure:4266: result: /usr/bin/grep
configure:4271: checking for egrep
configure:4333: result: /usr/bin/grep -E
configure:4338: checking for ANSI C header files
configure:4358: gcc -c  -I/usr/include/python2.7 conftest.c >&5
configure:4358: $? = 0
configure:4431: gcc -o conftest  -I/usr/include/python2.7  conftest.c  >&5
configure:4431: $? = 0
configure:4431: ./conftest
configure:4431: $? = 0
configure:4442: result: yes
configure:4455: checking for sys/types.h
configure:4455: gcc -c  -I/usr/include/python2.7 conftest.c >&5
configure:4455: $? = 0
configure:4455: result: yes
configure:4455: checking for sys/stat.h
configure:4455: gcc -c  -I/usr/include/python2.7 conftest.c >&5
configure:4455: $? = 0
configure:4455: result: yes
configure:4455: checking for stdlib.h
configure:4455: gcc -c  -I/usr/include/python2.7 conftest.c >&5
configure:4455: $? = 0
configure:4455: result: yes
configure:4455: checking for string.h
configure:4455: gcc -c  -I/usr/include/python2.7 conftest.c >&5
configure:4455: $? = 0
configure:4455: result: yes
configure:4455: checking for memory.h
configure:4455: gcc -c  -I/usr/include/python2.7 conftest.c >&5
configure:4455: $? = 0
configure:4455: result: yes
configure:4455: checking for strings.h
configure:4455: gcc -c  -I/usr/include/python2.7 conftest.c >&5
configure:4455: $? = 0
configure:4455: result: yes
configure:4455: checking for inttypes.h
configure:4455: gcc -c  -I/usr/include/python2.7 conftest.c >&5
configure:4455: $? = 0
configure:4455: result: yes
configure:4455: checking for stdint.h
configure:4455: gcc -c  -I/usr/include/python2.7 conftest.c >&5
configure:4455: $? = 0
configure:4455: result: yes
configure:4455: checking for unistd.h
configure:4455: gcc -c  -I/usr/include/python2.7 conftest.c >&5
configure:4455: $? = 0
configure:4455: result: yes
configure:4468: checking minix/config.h usability
configure:4468: gcc -c  -I/usr/include/python2.7 conftest.c >&5
conftest.c:53:10: fatal error: minix/config.h: No such file or directory
   53 | #include <minix/config.h>
      |          ^~~~~~~~~~~~~~~~
compilation terminated.
configure:4468: $? = 1
configure: failed program was:
| /* confdefs.h */
| #define PACKAGE_NAME ""
| #define PACKAGE_TARNAME ""
| #define PACKAGE_VERSION ""
| #define PACKAGE_STRING ""
| #define PACKAGE_BUGREPORT ""
| #define PACKAGE_URL ""
| #define CONFIG_H_IS_FROM_SAMBA 1
| #define STDC_HEADERS 1
| #define HAVE_SYS_TYPES_H 1
| #define HAVE_SYS_STAT_H 1
| #define HAVE_STDLIB_H 1
| #define HAVE_STRING_H 1
| #define HAVE_MEMORY_H 1
| #define HAVE_STRINGS_H 1
| #define HAVE_INTTYPES_H 1
| #define HAVE_STDINT_H 1
| #define HAVE_UNISTD_H 1
| /* end confdefs.h.  */
| #include <stdio.h>
| #ifdef HAVE_SYS_TYPES_H
| # include <sys/types.h>
| #endif
| #ifdef HAVE_SYS_STAT_H
| # include <sys/stat.h>
| #endif
| #ifdef STDC_HEADERS
| # include <stdlib.h>
| # include <stddef.h>
| #else
| # ifdef HAVE_STDLIB_H
| #  include <stdlib.h>
| # endif
| #endif
| #ifdef HAVE_STRING_H
| # if !defined STDC_HEADERS && defined HAVE_MEMORY_H
| #  include <memory.h>
| # endif
| # include <string.h>
| #endif
| #ifdef HAVE_STRINGS_H
| # include <strings.h>
| #endif
| #ifdef HAVE_INTTYPES_H
| # include <inttypes.h>
| #endif
| #ifdef HAVE_STDINT_H
| # include <stdint.h>
| #endif
| #ifdef HAVE_UNISTD_H
| # include <unistd.h>
| #endif
| #include <minix/config.h>
configure:4468: result: no
configure:4468: checking minix/config.h presence
configure:4468: gcc -E -ffreestanding -I/usr/include/python2.7 conftest.c
conftest.c:20:10: fatal error: minix/config.h: No such file or directory
   20 | #include <minix/config.h>
      |          ^~~~~~~~~~~~~~~~
compilation terminated.
configure:4468: $? = 1
configure: failed program was:
| /* confdefs.h */
| #define PACKAGE_NAME ""
| #define PACKAGE_TARNAME ""
| #define PACKAGE_VERSION ""
| #define PACKAGE_STRING ""
| #define PACKAGE_BUGREPORT ""
| #define PACKAGE_URL ""
| #define CONFIG_H_IS_FROM_SAMBA 1
| #define STDC_HEADERS 1
| #define HAVE_SYS_TYPES_H 1
| #define HAVE_SYS_STAT_H 1
| #define HAVE_STDLIB_H 1
| #define HAVE_STRING_H 1
| #define HAVE_MEMORY_H 1
| #define HAVE_STRINGS_H 1
| #define HAVE_INTTYPES_H 1
| #define HAVE_STDINT_H 1
| #define HAVE_UNISTD_H 1
| /* end confdefs.h.  */
| #include <minix/config.h>
configure:4468: result: no
configure:4468: checking for minix/config.h
configure:4468: result: no
configure:4489: checking whether it is safe to define __EXTENSIONS__
configure:4507: gcc -c  -I/usr/include/python2.7 conftest.c >&5
configure:4507: $? = 0
configure:4514: result: yes
configure:4528: checking whether byte ordering is bigendian
configure:4543: gcc -c  -I/usr/include/python2.7 conftest.c >&5
conftest.c:26:16: error: unknown type name 'not'
   26 |                not a universal capable compiler
      |                ^~~
conftest.c:26:22: error: expected '=', ',', ';', 'asm' or '__attribute__' before 'universal'
   26 |                not a universal capable compiler
      |                      ^~~~~~~~~
conftest.c:26:22: error: unknown type name 'universal'
configure:4543: $? = 1
configure: failed program was:
| /* confdefs.h */
| #define PACKAGE_NAME ""
| #define PACKAGE_TARNAME ""
| #define PACKAGE_VERSION ""
| #define PACKAGE_STRING ""
| #define PACKAGE_BUGREPORT ""
| #define PACKAGE_URL ""
| #define CONFIG_H_IS_FROM_SAMBA 1
| #define STDC_HEADERS 1
| #define HAVE_SYS_TYPES_H 1
| #define HAVE_SYS_STAT_H 1
| #define HAVE_STDLIB_H 1
| #define HAVE_STRING_H 1
| #define HAVE_MEMORY_H 1
| #define HAVE_STRINGS_H 1
| #define HAVE_INTTYPES_H 1
| #define HAVE_STDINT_H 1
| #define HAVE_UNISTD_H 1
| #define __EXTENSIONS__ 1
| #define _ALL_SOURCE 1
| #define _GNU_SOURCE 1
| #define _POSIX_PTHREAD_SEMANTICS 1
| #define _TANDEM_SOURCE 1
| /* end confdefs.h.  */
| #ifndef __APPLE_CC__
| 	       not a universal capable compiler
| 	     #endif
| 	     typedef int dummy;
| 
configure:4588: gcc -c  -I/usr/include/python2.7 conftest.c >&5
configure:4588: $? = 0
configure:4606: gcc -c  -I/usr/include/python2.7 conftest.c >&5
conftest.c: In function 'main':
conftest.c:32:18: error: unknown type name 'not'; did you mean 'ino_t'?
   32 |                  not big endian
      |                  ^~~
      |                  ino_t
conftest.c:32:26: error: expected '=', ',', ';', 'asm' or '__attribute__' before 'endian'
   32 |                  not big endian
      |                          ^~~~~~
configure:4606: $? = 1
configure: failed program was:
| /* confdefs.h */
| #define PACKAGE_NAME ""
| #define PACKAGE_TARNAME ""
| #define PACKAGE_VERSION ""
| #define PACKAGE_STRING ""
| #define PACKAGE_BUGREPORT ""
| #define PACKAGE_URL ""
| #define CONFIG_H_IS_FROM_SAMBA 1
| #define STDC_HEADERS 1
| #define HAVE_SYS_TYPES_H 1
| #define HAVE_SYS_STAT_H 1
| #define HAVE_STDLIB_H 1
| #define HAVE_STRING_H 1
| #define HAVE_MEMORY_H 1
| #define HAVE_STRINGS_H 1
| #define HAVE_INTTYPES_H 1
| #define HAVE_STDINT_H 1
| #define HAVE_UNISTD_H 1
| #define __EXTENSIONS__ 1
| #define _ALL_SOURCE 1
| #define _GNU_SOURCE 1
| #define _POSIX_PTHREAD_SEMANTICS 1
| #define _TANDEM_SOURCE 1
| /* end confdefs.h.  */
| #include <sys/types.h>
| 		#include <sys/param.h>
| 
| int
| main ()
| {
| #if BYTE_ORDER != BIG_ENDIAN
| 		 not big endian
| 		#endif
| 
|   ;
|   return 0;
| }
configure:4734: result: no
configure:4752: checking for inline
configure:4768: gcc -c  -I/usr/include/python2.7 conftest.c >&5
configure:4768: $? = 0
configure:4776: result: inline
configure:4798: checking for C99 designated initializers
configure:4814: gcc -c  -I/usr/include/python2.7 conftest.c >&5
configure:4814: $? = 0
configure:4815: result: yes
configure:4962: checking for a BSD-compatible install
configure:5030: result: /usr/bin/install -c
configure:5042: checking for library containing strerror
configure:5073: gcc -o conftest  -I/usr/include/python2.7  conftest.c  >&5
configure:5073: $? = 0
configure:5090: result: none required
configure:5122: checking for special C compiler options needed for large files
configure:5167: result: no
configure:5173: checking for _FILE_OFFSET_BITS value needed for large files
configure:5198: gcc -c  -I/usr/include/python2.7 conftest.c >&5
configure:5198: $? = 0
configure:5230: result: no
configure:5379: checking standards.h usability
configure:5379: gcc -c  -I/usr/include/python2.7 conftest.c >&5
conftest.c:64:10: fatal error: standards.h: No such file or directory
   64 | #include <standards.h>
      |          ^~~~~~~~~~~~~
compilation terminated.
configure:5379: $? = 1
configure: failed program was:
| /* confdefs.h */
| #define PACKAGE_NAME ""
| #define PACKAGE_TARNAME ""
| #define PACKAGE_VERSION ""
| #define PACKAGE_STRING ""
| #define PACKAGE_BUGREPORT ""
| #define PACKAGE_URL ""
| #define CONFIG_H_IS_FROM_SAMBA 1
| #define STDC_HEADERS 1
| #define HAVE_SYS_TYPES_H 1
| #define HAVE_SYS_STAT_H 1
| #define HAVE_STDLIB_H 1
| #define HAVE_STRING_H 1
| #define HAVE_MEMORY_H 1
| #define HAVE_STRINGS_H 1
| #define HAVE_INTTYPES_H 1
| #define HAVE_STDINT_H 1
| #define HAVE_UNISTD_H 1
| #define __EXTENSIONS__ 1
| #define _ALL_SOURCE 1
| #define _GNU_SOURCE 1
| #define _POSIX_PTHREAD_SEMANTICS 1
| #define _TANDEM_SOURCE 1
| #ifndef _XOPEN_SOURCE_EXTENDED
| # define _XOPEN_SOURCE_EXTENDED 1
| #endif
| #ifndef _OSF_SOURCE
| # define _OSF_SOURCE 1
| #endif
| /* end confdefs.h.  */
| #include <stdio.h>
| #ifdef HAVE_SYS_TYPES_H
| # include <sys/types.h>
| #endif
| #ifdef HAVE_SYS_STAT_H
| # include <sys/stat.h>
| #endif
| #ifdef STDC_HEADERS
| # include <stdlib.h>
| # include <stddef.h>
| #else
| # ifdef HAVE_STDLIB_H
| #  include <stdlib.h>
| # endif
| #endif
| #ifdef HAVE_STRING_H
| # if !defined STDC_HEADERS && defined HAVE_MEMORY_H
| #  include <memory.h>
| # endif
| # include <string.h>
| #endif
| #ifdef HAVE_STRINGS_H
| # include <strings.h>
| #endif
| #ifdef HAVE_INTTYPES_H
| # include <inttypes.h>
| #endif
| #ifdef HAVE_STDINT_H
| # include <stdint.h>
| #endif
| #ifdef HAVE_UNISTD_H
| # include <unistd.h>
| #endif
| #include <standards.h>
configure:5379: result: no
configure:5379: checking standards.h presence
configure:5379: gcc -E -ffreestanding -I/usr/include/python2.7 conftest.c
conftest.c:31:10: fatal error: standards.h: No such file or directory
   31 | #include <standards.h>
      |          ^~~~~~~~~~~~~
compilation terminated.
configure:5379: $? = 1
configure: failed program was:
| /* confdefs.h */
| #define PACKAGE_NAME ""
| #define PACKAGE_TARNAME ""
| #define PACKAGE_VERSION ""
| #define PACKAGE_STRING ""
| #define PACKAGE_BUGREPORT ""
| #define PACKAGE_URL ""
| #define CONFIG_H_IS_FROM_SAMBA 1
| #define STDC_HEADERS 1
| #define HAVE_SYS_TYPES_H 1
| #define HAVE_SYS_STAT_H 1
| #define HAVE_STDLIB_H 1
| #define HAVE_STRING_H 1
| #define HAVE_MEMORY_H 1
| #define HAVE_STRINGS_H 1
| #define HAVE_INTTYPES_H 1
| #define HAVE_STDINT_H 1
| #define HAVE_UNISTD_H 1
| #define __EXTENSIONS__ 1
| #define _ALL_SOURCE 1
| #define _GNU_SOURCE 1
| #define _POSIX_PTHREAD_SEMANTICS 1
| #define _TANDEM_SOURCE 1
| #ifndef _XOPEN_SOURCE_EXTENDED
| # define _XOPEN_SOURCE_EXTENDED 1
| #endif
| #ifndef _OSF_SOURCE
| # define _OSF_SOURCE 1
| #endif
| /* end confdefs.h.  */
| #include <standards.h>
configure:5379: result: no
configure:5379: checking for standards.h
configure:5379: result: no
configure:5391: checking for long long
configure:5391: gcc -c  -I/usr/include/python2.7 conftest.c >&5
configure:5391: $? = 0
configure:5391: gcc -c  -I/usr/include/python2.7 conftest.c >&5
conftest.c: In function 'main':
conftest.c:67:24: error: expected expression before ')' token
   67 | if (sizeof ((long long)))
      |                        ^
configure:5391: $? = 1
configure: failed program was:
| /* confdefs.h */
| #define PACKAGE_NAME ""
| #define PACKAGE_TARNAME ""
| #define PACKAGE_VERSION ""
| #define PACKAGE_STRING ""
| #define PACKAGE_BUGREPORT ""
| #define PACKAGE_URL ""
| #define CONFIG_H_IS_FROM_SAMBA 1
| #define STDC_HEADERS 1
| #define HAVE_SYS_TYPES_H 1
| #define HAVE_SYS_STAT_H 1
| #define HAVE_STDLIB_H 1
| #define HAVE_STRING_H 1
| #define HAVE_MEMORY_H 1
| #define HAVE_STRINGS_H 1
| #define HAVE_INTTYPES_H 1
| #define HAVE_STDINT_H 1
| #define HAVE_UNISTD_H 1
| #define __EXTENSIONS__ 1
| #define _ALL_SOURCE 1
| #define _GNU_SOURCE 1
| #define _POSIX_PTHREAD_SEMANTICS 1
| #define _TANDEM_SOURCE 1
| #ifndef _XOPEN_SOURCE_EXTENDED
| # define _XOPEN_SOURCE_EXTENDED 1
| #endif
| #ifndef _OSF_SOURCE
| # define _OSF_SOURCE 1
| #endif
| /* end confdefs.h.  */
| #include <stdio.h>
| #ifdef HAVE_SYS_TYPES_H
| # include <sys/types.h>
| #endif
| #ifdef HAVE_SYS_STAT_H
| # include <sys/stat.h>
| #endif
| #ifdef STDC_HEADERS
| # include <stdlib.h>
| # include <stddef.h>
| #else
| # ifdef HAVE_STDLIB_H
| #  include <stdlib.h>
| # endif
| #endif
| #ifdef HAVE_STRING_H
| # if !defined STDC_HEADERS && defined HAVE_MEMORY_H
| #  include <memory.h>
| # endif
| # include <string.h>
| #endif
| #ifdef HAVE_STRINGS_H
| # include <strings.h>
| #endif
| #ifdef HAVE_INTTYPES_H
| # include <inttypes.h>
| #endif
| #ifdef HAVE_STDINT_H
| # include <stdint.h>
| #endif
| #ifdef HAVE_UNISTD_H
| # include <unistd.h>
| #endif
| int
| main ()
| {
| if (sizeof ((long long)))
| 	    return 0;
|   ;
|   return 0;
| }
configure:5391: result: yes
configure:5402: checking for uint_t
configure:5402: gcc -c  -I/usr/include/python2.7 conftest.c >&5
conftest.c: In function 'main':
conftest.c:68:13: error: 'uint_t' undeclared (first use in this function); did you mean 'uint8_t'?
   68 | if (sizeof (uint_t))
      |             ^~~~~~
      |             uint8_t
conftest.c:68:13: note: each undeclared identifier is reported only once for each function it appears in
configure:5402: $? = 1
configure: failed program was:
| /* confdefs.h */
| #define PACKAGE_NAME ""
| #define PACKAGE_TARNAME ""
| #define PACKAGE_VERSION ""
| #define PACKAGE_STRING ""
| #define PACKAGE_BUGREPORT ""
| #define PACKAGE_URL ""
| #define CONFIG_H_IS_FROM_SAMBA 1
| #define STDC_HEADERS 1
| #define HAVE_SYS_TYPES_H 1
| #define HAVE_SYS_STAT_H 1
| #define HAVE_STDLIB_H 1
| #define HAVE_STRING_H 1
| #define HAVE_MEMORY_H 1
| #define HAVE_STRINGS_H 1
| #define HAVE_INTTYPES_H 1
| #define HAVE_STDINT_H 1
| #define HAVE_UNISTD_H 1
| #define __EXTENSIONS__ 1
| #define _ALL_SOURCE 1
| #define _GNU_SOURCE 1
| #define _POSIX_PTHREAD_SEMANTICS 1
| #define _TANDEM_SOURCE 1
| #ifndef _XOPEN_SOURCE_EXTENDED
| # define _XOPEN_SOURCE_EXTENDED 1
| #endif
| #ifndef _OSF_SOURCE
| # define _OSF_SOURCE 1
| #endif
| #define HAVE_LONG_LONG 1
| /* end confdefs.h.  */
| #include <stdio.h>
| #ifdef HAVE_SYS_TYPES_H
| # include <sys/types.h>
| #endif
| #ifdef HAVE_SYS_STAT_H
| # include <sys/stat.h>
| #endif
| #ifdef STDC_HEADERS
| # include <stdlib.h>
| # include <stddef.h>
| #else
| # ifdef HAVE_STDLIB_H
| #  include <stdlib.h>
| # endif
| #endif
| #ifdef HAVE_STRING_H
| # if !defined STDC_HEADERS && defined HAVE_MEMORY_H
| #  include <memory.h>
| # endif
| # include <string.h>
| #endif
| #ifdef HAVE_STRINGS_H
| # include <strings.h>
| #endif
| #ifdef HAVE_INTTYPES_H
| # include <inttypes.h>
| #endif
| #ifdef HAVE_STDINT_H
| # include <stdint.h>
| #endif
| #ifdef HAVE_UNISTD_H
| # include <unistd.h>
| #endif
| int
| main ()
| {
| if (sizeof (uint_t))
| 	 return 0;
|   ;
|   return 0;
| }
configure:5402: result: no
configure:5413: checking for int8_t
configure:5413: gcc -c  -I/usr/include/python2.7 conftest.c >&5
configure:5413: $? = 0
configure:5413: gcc -c  -I/usr/include/python2.7 conftest.c >&5
conftest.c: In function 'main':
conftest.c:69:21: error: expected expression before ')' token
   69 | if (sizeof ((int8_t)))
      |                     ^
configure:5413: $? = 1
configure: failed program was:
| /* confdefs.h */
| #define PACKAGE_NAME ""
| #define PACKAGE_TARNAME ""
| #define PACKAGE_VERSION ""
| #define PACKAGE_STRING ""
| #define PACKAGE_BUGREPORT ""
| #define PACKAGE_URL ""
| #define CONFIG_H_IS_FROM_SAMBA 1
| #define STDC_HEADERS 1
| #define HAVE_SYS_TYPES_H 1
| #define HAVE_SYS_STAT_H 1
| #define HAVE_STDLIB_H 1
| #define HAVE_STRING_H 1
| #define HAVE_MEMORY_H 1
| #define HAVE_STRINGS_H 1
| #define HAVE_INTTYPES_H 1
| #define HAVE_STDINT_H 1
| #define HAVE_UNISTD_H 1
| #define __EXTENSIONS__ 1
| #define _ALL_SOURCE 1
| #define _GNU_SOURCE 1
| #define _POSIX_PTHREAD_SEMANTICS 1
| #define _TANDEM_SOURCE 1
| #ifndef _XOPEN_SOURCE_EXTENDED
| # define _XOPEN_SOURCE_EXTENDED 1
| #endif
| #ifndef _OSF_SOURCE
| # define _OSF_SOURCE 1
| #endif
| #define HAVE_LONG_LONG 1
| #define uint_t unsigned int
| /* end confdefs.h.  */
| #include <stdio.h>
| #ifdef HAVE_SYS_TYPES_H
| # include <sys/types.h>
| #endif
| #ifdef HAVE_SYS_STAT_H
| # include <sys/stat.h>
| #endif
| #ifdef STDC_HEADERS
| # include <stdlib.h>
| # include <stddef.h>
| #else
| # ifdef HAVE_STDLIB_H
| #  include <stdlib.h>
| # endif
| #endif
| #ifdef HAVE_STRING_H
| # if !defined STDC_HEADERS && defined HAVE_MEMORY_H
| #  include <memory.h>
| # endif
| # include <string.h>
| #endif
| #ifdef HAVE_STRINGS_H
| # include <strings.h>
| #endif
| #ifdef HAVE_INTTYPES_H
| # include <inttypes.h>
| #endif
| #ifdef HAVE_STDINT_H
| # include <stdint.h>
| #endif
| #ifdef HAVE_UNISTD_H
| # include <unistd.h>
| #endif
| int
| main ()
| {
| if (sizeof ((int8_t)))
| 	    return 0;
|   ;
|   return 0;
| }
configure:5413: result: yes
configure:5424: checking for uint8_t
configure:5424: gcc -c  -I/usr/include/python2.7 conftest.c >&5
configure:5424: $? = 0
configure:5424: gcc -c  -I/usr/include/python2.7 conftest.c >&5
conftest.c: In function 'main':
conftest.c:69:22: error: expected expression before ')' token
   69 | if (sizeof ((uint8_t)))
      |                      ^
configure:5424: $? = 1
configure: failed program was:
| /* confdefs.h */
| #define PACKAGE_NAME ""
| #define PACKAGE_TARNAME ""
| #define PACKAGE_VERSION ""
| #define PACKAGE_STRING ""
| #define PACKAGE_BUGREPORT ""
| #define PACKAGE_URL ""
| #define CONFIG_H_IS_FROM_SAMBA 1
| #define STDC_HEADERS 1
| #define HAVE_SYS_TYPES_H 1
| #define HAVE_SYS_STAT_H 1
| #define HAVE_STDLIB_H 1
| #define HAVE_STRING_H 1
| #define HAVE_MEMORY_H 1
| #define HAVE_STRINGS_H 1
| #define HAVE_INTTYPES_H 1
| #define HAVE_STDINT_H 1
| #define HAVE_UNISTD_H 1
| #define __EXTENSIONS__ 1
| #define _ALL_SOURCE 1
| #define _GNU_SOURCE 1
| #define _POSIX_PTHREAD_SEMANTICS 1
| #define _TANDEM_SOURCE 1
| #ifndef _XOPEN_SOURCE_EXTENDED
| # define _XOPEN_SOURCE_EXTENDED 1
| #endif
| #ifndef _OSF_SOURCE
| # define _OSF_SOURCE 1
| #endif
| #define HAVE_LONG_LONG 1
| #define uint_t unsigned int
| /* end confdefs.h.  */
| #include <stdio.h>
| #ifdef HAVE_SYS_TYPES_H
| # include <sys/types.h>
| #endif
| #ifdef HAVE_SYS_STAT_H
| # include <sys/stat.h>
| #endif
| #ifdef STDC_HEADERS
| # include <stdlib.h>
| # include <stddef.h>
| #else
| # ifdef HAVE_STDLIB_H
| #  include <stdlib.h>
| # endif
| #endif
| #ifdef HAVE_STRING_H
| # if !defined STDC_HEADERS && defined HAVE_MEMORY_H
| #  include <memory.h>
| # endif
| # include <string.h>
| #endif
| #ifdef HAVE_STRINGS_H
| # include <strings.h>
| #endif
| #ifdef HAVE_INTTYPES_H
| # include <inttypes.h>
| #endif
| #ifdef HAVE_STDINT_H
| # include <stdint.h>
| #endif
| #ifdef HAVE_UNISTD_H
| # include <unistd.h>
| #endif
| int
| main ()
| {
| if (sizeof ((uint8_t)))
| 	    return 0;
|   ;
|   return 0;
| }
configure:5424: result: yes
configure:5435: checking for int16_t
configure:5435: gcc -c  -I/usr/include/python2.7 conftest.c >&5
configure:5435: $? = 0
configure:5435: gcc -c  -I/usr/include/python2.7 conftest.c >&5
conftest.c: In function 'main':
conftest.c:69:22: error: expected expression before ')' token
   69 | if (sizeof ((int16_t)))
      |                      ^
configure:5435: $? = 1
configure: failed program was:
| /* confdefs.h */
| #define PACKAGE_NAME ""
| #define PACKAGE_TARNAME ""
| #define PACKAGE_VERSION ""
| #define PACKAGE_STRING ""
| #define PACKAGE_BUGREPORT ""
| #define PACKAGE_URL ""
| #define CONFIG_H_IS_FROM_SAMBA 1
| #define STDC_HEADERS 1
| #define HAVE_SYS_TYPES_H 1
| #define HAVE_SYS_STAT_H 1
| #define HAVE_STDLIB_H 1
| #define HAVE_STRING_H 1
| #define HAVE_MEMORY_H 1
| #define HAVE_STRINGS_H 1
| #define HAVE_INTTYPES_H 1
| #define HAVE_STDINT_H 1
| #define HAVE_UNISTD_H 1
| #define __EXTENSIONS__ 1
| #define _ALL_SOURCE 1
| #define _GNU_SOURCE 1
| #define _POSIX_PTHREAD_SEMANTICS 1
| #define _TANDEM_SOURCE 1
| #ifndef _XOPEN_SOURCE_EXTENDED
| # define _XOPEN_SOURCE_EXTENDED 1
| #endif
| #ifndef _OSF_SOURCE
| # define _OSF_SOURCE 1
| #endif
| #define HAVE_LONG_LONG 1
| #define uint_t unsigned int
| /* end confdefs.h.  */
| #include <stdio.h>
| #ifdef HAVE_SYS_TYPES_H
| # include <sys/types.h>
| #endif
| #ifdef HAVE_SYS_STAT_H
| # include <sys/stat.h>
| #endif
| #ifdef STDC_HEADERS
| # include <stdlib.h>
| # include <stddef.h>
| #else
| # ifdef HAVE_STDLIB_H
| #  include <stdlib.h>
| # endif
| #endif
| #ifdef HAVE_STRING_H
| # if !defined STDC_HEADERS && defined HAVE_MEMORY_H
| #  include <memory.h>
| # endif
| # include <string.h>
| #endif
| #ifdef HAVE_STRINGS_H
| # include <strings.h>
| #endif
| #ifdef HAVE_INTTYPES_H
| # include <inttypes.h>
| #endif
| #ifdef HAVE_STDINT_H
| # include <stdint.h>
| #endif
| #ifdef HAVE_UNISTD_H
| # include <unistd.h>
| #endif
| int
| main ()
| {
| if (sizeof ((int16_t)))
| 	    return 0;
|   ;
|   return 0;
| }
configure:5435: result: yes
configure:5446: checking for uint16_t
configure:5446: gcc -c  -I/usr/include/python2.7 conftest.c >&5
configure:5446: $? = 0
configure:5446: gcc -c  -I/usr/include/python2.7 conftest.c >&5
conftest.c: In function 'main':
conftest.c:69:23: error: expected expression before ')' token
   69 | if (sizeof ((uint16_t)))
      |                       ^
configure:5446: $? = 1
configure: failed program was:
| /* confdefs.h */
| #define PACKAGE_NAME ""
| #define PACKAGE_TARNAME ""
| #define PACKAGE_VERSION ""
| #define PACKAGE_STRING ""
| #define PACKAGE_BUGREPORT ""
| #define PACKAGE_URL ""
| #define CONFIG_H_IS_FROM_SAMBA 1
| #define STDC_HEADERS 1
| #define HAVE_SYS_TYPES_H 1
| #define HAVE_SYS_STAT_H 1
| #define HAVE_STDLIB_H 1
| #define HAVE_STRING_H 1
| #define HAVE_MEMORY_H 1
| #define HAVE_STRINGS_H 1
| #define HAVE_INTTYPES_H 1
| #define HAVE_STDINT_H 1
| #define HAVE_UNISTD_H 1
| #define __EXTENSIONS__ 1
| #define _ALL_SOURCE 1
| #define _GNU_SOURCE 1
| #define _POSIX_PTHREAD_SEMANTICS 1
| #define _TANDEM_SOURCE 1
| #ifndef _XOPEN_SOURCE_EXTENDED
| # define _XOPEN_SOURCE_EXTENDED 1
| #endif
| #ifndef _OSF_SOURCE
| # define _OSF_SOURCE 1
| #endif
| #define HAVE_LONG_LONG 1
| #define uint_t unsigned int
| /* end confdefs.h.  */
| #include <stdio.h>
| #ifdef HAVE_SYS_TYPES_H
| # include <sys/types.h>
| #endif
| #ifdef HAVE_SYS_STAT_H
| # include <sys/stat.h>
| #endif
| #ifdef STDC_HEADERS
| # include <stdlib.h>
| # include <stddef.h>
| #else
| # ifdef HAVE_STDLIB_H
| #  include <stdlib.h>
| # endif
| #endif
| #ifdef HAVE_STRING_H
| # if !defined STDC_HEADERS && defined HAVE_MEMORY_H
| #  include <memory.h>
| # endif
| # include <string.h>
| #endif
| #ifdef HAVE_STRINGS_H
| # include <strings.h>
| #endif
| #ifdef HAVE_INTTYPES_H
| # include <inttypes.h>
| #endif
| #ifdef HAVE_STDINT_H
| # include <stdint.h>
| #endif
| #ifdef HAVE_UNISTD_H
| # include <unistd.h>
| #endif
| int
| main ()
| {
| if (sizeof ((uint16_t)))
| 	    return 0;
|   ;
|   return 0;
| }
configure:5446: result: yes
configure:5457: checking for int32_t
configure:5457: gcc -c  -I/usr/include/python2.7 conftest.c >&5
configure:5457: $? = 0
configure:5457: gcc -c  -I/usr/include/python2.7 conftest.c >&5
conftest.c: In function 'main':
conftest.c:69:22: error: expected expression before ')' token
   69 | if (sizeof ((int32_t)))
      |                      ^
configure:5457: $? = 1
configure: failed program was:
| /* confdefs.h */
| #define PACKAGE_NAME ""
| #define PACKAGE_TARNAME ""
| #define PACKAGE_VERSION ""
| #define PACKAGE_STRING ""
| #define PACKAGE_BUGREPORT ""
| #define PACKAGE_URL ""
| #define CONFIG_H_IS_FROM_SAMBA 1
| #define STDC_HEADERS 1
| #define HAVE_SYS_TYPES_H 1
| #define HAVE_SYS_STAT_H 1
| #define HAVE_STDLIB_H 1
| #define HAVE_STRING_H 1
| #define HAVE_MEMORY_H 1
| #define HAVE_STRINGS_H 1
| #define HAVE_INTTYPES_H 1
| #define HAVE_STDINT_H 1
| #define HAVE_UNISTD_H 1
| #define __EXTENSIONS__ 1
| #define _ALL_SOURCE 1
| #define _GNU_SOURCE 1
| #define _POSIX_PTHREAD_SEMANTICS 1
| #define _TANDEM_SOURCE 1
| #ifndef _XOPEN_SOURCE_EXTENDED
| # define _XOPEN_SOURCE_EXTENDED 1
| #endif
| #ifndef _OSF_SOURCE
| # define _OSF_SOURCE 1
| #endif
| #define HAVE_LONG_LONG 1
| #define uint_t unsigned int
| /* end confdefs.h.  */
| #include <stdio.h>
| #ifdef HAVE_SYS_TYPES_H
| # include <sys/types.h>
| #endif
| #ifdef HAVE_SYS_STAT_H
| # include <sys/stat.h>
| #endif
| #ifdef STDC_HEADERS
| # include <stdlib.h>
| # include <stddef.h>
| #else
| # ifdef HAVE_STDLIB_H
| #  include <stdlib.h>
| # endif
| #endif
| #ifdef HAVE_STRING_H
| # if !defined STDC_HEADERS && defined HAVE_MEMORY_H
| #  include <memory.h>
| # endif
| # include <string.h>
| #endif
| #ifdef HAVE_STRINGS_H
| # include <strings.h>
| #endif
| #ifdef HAVE_INTTYPES_H
| # include <inttypes.h>
| #endif
| #ifdef HAVE_STDINT_H
| # include <stdint.h>
| #endif
| #ifdef HAVE_UNISTD_H
| # include <unistd.h>
| #endif
| int
| main ()
| {
| if (sizeof ((int32_t)))
| 	    return 0;
|   ;
|   return 0;
| }
configure:5457: result: yes
configure:5468: checking for uint32_t
configure:5468: gcc -c  -I/usr/include/python2.7 conftest.c >&5
configure:5468: $? = 0
configure:5468: gcc -c  -I/usr/include/python2.7 conftest.c >&5
conftest.c: In function 'main':
conftest.c:69:23: error: expected expression before ')' token
   69 | if (sizeof ((uint32_t)))
      |                       ^
configure:5468: $? = 1
configure: failed program was:
| /* confdefs.h */
| #define PACKAGE_NAME ""
| #define PACKAGE_TARNAME ""
| #define PACKAGE_VERSION ""
| #define PACKAGE_STRING ""
| #define PACKAGE_BUGREPORT ""
| #define PACKAGE_URL ""
| #define CONFIG_H_IS_FROM_SAMBA 1
| #define STDC_HEADERS 1
| #define HAVE_SYS_TYPES_H 1
| #define HAVE_SYS_STAT_H 1
| #define HAVE_STDLIB_H 1
| #define HAVE_STRING_H 1
| #define HAVE_MEMORY_H 1
| #define HAVE_STRINGS_H 1
| #define HAVE_INTTYPES_H 1
| #define HAVE_STDINT_H 1
| #define HAVE_UNISTD_H 1
| #define __EXTENSIONS__ 1
| #define _ALL_SOURCE 1
| #define _GNU_SOURCE 1
| #define _POSIX_PTHREAD_SEMANTICS 1
| #define _TANDEM_SOURCE 1
| #ifndef _XOPEN_SOURCE_EXTENDED
| # define _XOPEN_SOURCE_EXTENDED 1
| #endif
| #ifndef _OSF_SOURCE
| # define _OSF_SOURCE 1
| #endif
| #define HAVE_LONG_LONG 1
| #define uint_t unsigned int
| /* end confdefs.h.  */
| #include <stdio.h>
| #ifdef HAVE_SYS_TYPES_H
| # include <sys/types.h>
| #endif
| #ifdef HAVE_SYS_STAT_H
| # include <sys/stat.h>
| #endif
| #ifdef STDC_HEADERS
| # include <stdlib.h>
| # include <stddef.h>
| #else
| # ifdef HAVE_STDLIB_H
| #  include <stdlib.h>
| # endif
| #endif
| #ifdef HAVE_STRING_H
| # if !defined STDC_HEADERS && defined HAVE_MEMORY_H
| #  include <memory.h>
| # endif
| # include <string.h>
| #endif
| #ifdef HAVE_STRINGS_H
| # include <strings.h>
| #endif
| #ifdef HAVE_INTTYPES_H
| # include <inttypes.h>
| #endif
| #ifdef HAVE_STDINT_H
| # include <stdint.h>
| #endif
| #ifdef HAVE_UNISTD_H
| # include <unistd.h>
| #endif
| int
| main ()
| {
| if (sizeof ((uint32_t)))
| 	    return 0;
|   ;
|   return 0;
| }
configure:5468: result: yes
configure:5479: checking for int64_t
configure:5479: gcc -c  -I/usr/include/python2.7 conftest.c >&5
configure:5479: $? = 0
configure:5479: gcc -c  -I/usr/include/python2.7 conftest.c >&5
conftest.c: In function 'main':
conftest.c:69:22: error: expected expression before ')' token
   69 | if (sizeof ((int64_t)))
      |                      ^
configure:5479: $? = 1
configure: failed program was:
| /* confdefs.h */
| #define PACKAGE_NAME ""
| #define PACKAGE_TARNAME ""
| #define PACKAGE_VERSION ""
| #define PACKAGE_STRING ""
| #define PACKAGE_BUGREPORT ""
| #define PACKAGE_URL ""
| #define CONFIG_H_IS_FROM_SAMBA 1
| #define STDC_HEADERS 1
| #define HAVE_SYS_TYPES_H 1
| #define HAVE_SYS_STAT_H 1
| #define HAVE_STDLIB_H 1
| #define HAVE_STRING_H 1
| #define HAVE_MEMORY_H 1
| #define HAVE_STRINGS_H 1
| #define HAVE_INTTYPES_H 1
| #define HAVE_STDINT_H 1
| #define HAVE_UNISTD_H 1
| #define __EXTENSIONS__ 1
| #define _ALL_SOURCE 1
| #define _GNU_SOURCE 1
| #define _POSIX_PTHREAD_SEMANTICS 1
| #define _TANDEM_SOURCE 1
| #ifndef _XOPEN_SOURCE_EXTENDED
| # define _XOPEN_SOURCE_EXTENDED 1
| #endif
| #ifndef _OSF_SOURCE
| # define _OSF_SOURCE 1
| #endif
| #define HAVE_LONG_LONG 1
| #define uint_t unsigned int
| /* end confdefs.h.  */
| #include <stdio.h>
| #ifdef HAVE_SYS_TYPES_H
| # include <sys/types.h>
| #endif
| #ifdef HAVE_SYS_STAT_H
| # include <sys/stat.h>
| #endif
| #ifdef STDC_HEADERS
| # include <stdlib.h>
| # include <stddef.h>
| #else
| # ifdef HAVE_STDLIB_H
| #  include <stdlib.h>
| # endif
| #endif
| #ifdef HAVE_STRING_H
| # if !defined STDC_HEADERS && defined HAVE_MEMORY_H
| #  include <memory.h>
| # endif
| # include <string.h>
| #endif
| #ifdef HAVE_STRINGS_H
| # include <strings.h>
| #endif
| #ifdef HAVE_INTTYPES_H
| # include <inttypes.h>
| #endif
| #ifdef HAVE_STDINT_H
| # include <stdint.h>
| #endif
| #ifdef HAVE_UNISTD_H
| # include <unistd.h>
| #endif
| int
| main ()
| {
| if (sizeof ((int64_t)))
| 	    return 0;
|   ;
|   return 0;
| }
configure:5479: result: yes
configure:5490: checking for uint64_t
configure:5490: gcc -c  -I/usr/include/python2.7 conftest.c >&5
configure:5490: $? = 0
configure:5490: gcc -c  -I/usr/include/python2.7 conftest.c >&5
conftest.c: In function 'main':
conftest.c:69:23: error: expected expression before ')' token
   69 | if (sizeof ((uint64_t)))
      |                       ^
configure:5490: $? = 1
configure: failed program was:
| /* confdefs.h */
| #define PACKAGE_NAME ""
| #define PACKAGE_TARNAME ""
| #define PACKAGE_VERSION ""
| #define PACKAGE_STRING ""
| #define PACKAGE_BUGREPORT ""
| #define PACKAGE_URL ""
| #define CONFIG_H_IS_FROM_SAMBA 1
| #define STDC_HEADERS 1
| #define HAVE_SYS_TYPES_H 1
| #define HAVE_SYS_STAT_H 1
| #define HAVE_STDLIB_H 1
| #define HAVE_STRING_H 1
| #define HAVE_MEMORY_H 1
| #define HAVE_STRINGS_H 1
| #define HAVE_INTTYPES_H 1
| #define HAVE_STDINT_H 1
| #define HAVE_UNISTD_H 1
| #define __EXTENSIONS__ 1
| #define _ALL_SOURCE 1
| #define _GNU_SOURCE 1
| #define _POSIX_PTHREAD_SEMANTICS 1
| #define _TANDEM_SOURCE 1
| #ifndef _XOPEN_SOURCE_EXTENDED
| # define _XOPEN_SOURCE_EXTENDED 1
| #endif
| #ifndef _OSF_SOURCE
| # define _OSF_SOURCE 1
| #endif
| #define HAVE_LONG_LONG 1
| #define uint_t unsigned int
| /* end confdefs.h.  */
| #include <stdio.h>
| #ifdef HAVE_SYS_TYPES_H
| # include <sys/types.h>
| #endif
| #ifdef HAVE_SYS_STAT_H
| # include <sys/stat.h>
| #endif
| #ifdef STDC_HEADERS
| # include <stdlib.h>
| # include <stddef.h>
| #else
| # ifdef HAVE_STDLIB_H
| #  include <stdlib.h>
| # endif
| #endif
| #ifdef HAVE_STRING_H
| # if !defined STDC_HEADERS && defined HAVE_MEMORY_H
| #  include <memory.h>
| # endif
| # include <string.h>
| #endif
| #ifdef HAVE_STRINGS_H
| # include <strings.h>
| #endif
| #ifdef HAVE_INTTYPES_H
| # include <inttypes.h>
| #endif
| #ifdef HAVE_STDINT_H
| # include <stdint.h>
| #endif
| #ifdef HAVE_UNISTD_H
| # include <unistd.h>
| #endif
| int
| main ()
| {
| if (sizeof ((uint64_t)))
| 	    return 0;
|   ;
|   return 0;
| }
configure:5490: result: yes
configure:5502: checking for size_t
configure:5502: gcc -c  -I/usr/include/python2.7 conftest.c >&5
configure:5502: $? = 0
configure:5502: gcc -c  -I/usr/include/python2.7 conftest.c >&5
conftest.c: In function 'main':
conftest.c:69:21: error: expected expression before ')' token
   69 | if (sizeof ((size_t)))
      |                     ^
configure:5502: $? = 1
configure: failed program was:
| /* confdefs.h */
| #define PACKAGE_NAME ""
| #define PACKAGE_TARNAME ""
| #define PACKAGE_VERSION ""
| #define PACKAGE_STRING ""
| #define PACKAGE_BUGREPORT ""
| #define PACKAGE_URL ""
| #define CONFIG_H_IS_FROM_SAMBA 1
| #define STDC_HEADERS 1
| #define HAVE_SYS_TYPES_H 1
| #define HAVE_SYS_STAT_H 1
| #define HAVE_STDLIB_H 1
| #define HAVE_STRING_H 1
| #define HAVE_MEMORY_H 1
| #define HAVE_STRINGS_H 1
| #define HAVE_INTTYPES_H 1
| #define HAVE_STDINT_H 1
| #define HAVE_UNISTD_H 1
| #define __EXTENSIONS__ 1
| #define _ALL_SOURCE 1
| #define _GNU_SOURCE 1
| #define _POSIX_PTHREAD_SEMANTICS 1
| #define _TANDEM_SOURCE 1
| #ifndef _XOPEN_SOURCE_EXTENDED
| # define _XOPEN_SOURCE_EXTENDED 1
| #endif
| #ifndef _OSF_SOURCE
| # define _OSF_SOURCE 1
| #endif
| #define HAVE_LONG_LONG 1
| #define uint_t unsigned int
| /* end confdefs.h.  */
| #include <stdio.h>
| #ifdef HAVE_SYS_TYPES_H
| # include <sys/types.h>
| #endif
| #ifdef HAVE_SYS_STAT_H
| # include <sys/stat.h>
| #endif
| #ifdef STDC_HEADERS
| # include <stdlib.h>
| # include <stddef.h>
| #else
| # ifdef HAVE_STDLIB_H
| #  include <stdlib.h>
| # endif
| #endif
| #ifdef HAVE_STRING_H
| # if !defined STDC_HEADERS && defined HAVE_MEMORY_H
| #  include <memory.h>
| # endif
| # include <string.h>
| #endif
| #ifdef HAVE_STRINGS_H
| # include <strings.h>
| #endif
| #ifdef HAVE_INTTYPES_H
| # include <inttypes.h>
| #endif
| #ifdef HAVE_STDINT_H
| # include <stdint.h>
| #endif
| #ifdef HAVE_UNISTD_H
| # include <unistd.h>
| #endif
| int
| main ()
| {
| if (sizeof ((size_t)))
| 	    return 0;
|   ;
|   return 0;
| }
configure:5502: result: yes
configure:5513: checking for ssize_t
configure:5513: gcc -c  -I/usr/include/python2.7 conftest.c >&5
configure:5513: $? = 0
configure:5513: gcc -c  -I/usr/include/python2.7 conftest.c >&5
conftest.c: In function 'main':
conftest.c:69:22: error: expected expression before ')' token
   69 | if (sizeof ((ssize_t)))
      |                      ^
configure:5513: $? = 1
configure: failed program was:
| /* confdefs.h */
| #define PACKAGE_NAME ""
| #define PACKAGE_TARNAME ""
| #define PACKAGE_VERSION ""
| #define PACKAGE_STRING ""
| #define PACKAGE_BUGREPORT ""
| #define PACKAGE_URL ""
| #define CONFIG_H_IS_FROM_SAMBA 1
| #define STDC_HEADERS 1
| #define HAVE_SYS_TYPES_H 1
| #define HAVE_SYS_STAT_H 1
| #define HAVE_STDLIB_H 1
| #define HAVE_STRING_H 1
| #define HAVE_MEMORY_H 1
| #define HAVE_STRINGS_H 1
| #define HAVE_INTTYPES_H 1
| #define HAVE_STDINT_H 1
| #define HAVE_UNISTD_H 1
| #define __EXTENSIONS__ 1
| #define _ALL_SOURCE 1
| #define _GNU_SOURCE 1
| #define _POSIX_PTHREAD_SEMANTICS 1
| #define _TANDEM_SOURCE 1
| #ifndef _XOPEN_SOURCE_EXTENDED
| # define _XOPEN_SOURCE_EXTENDED 1
| #endif
| #ifndef _OSF_SOURCE
| # define _OSF_SOURCE 1
| #endif
| #define HAVE_LONG_LONG 1
| #define uint_t unsigned int
| /* end confdefs.h.  */
| #include <stdio.h>
| #ifdef HAVE_SYS_TYPES_H
| # include <sys/types.h>
| #endif
| #ifdef HAVE_SYS_STAT_H
| # include <sys/stat.h>
| #endif
| #ifdef STDC_HEADERS
| # include <stdlib.h>
| # include <stddef.h>
| #else
| # ifdef HAVE_STDLIB_H
| #  include <stdlib.h>
| # endif
| #endif
| #ifdef HAVE_STRING_H
| # if !defined STDC_HEADERS && defined HAVE_MEMORY_H
| #  include <memory.h>
| # endif
| # include <string.h>
| #endif
| #ifdef HAVE_STRINGS_H
| # include <strings.h>
| #endif
| #ifdef HAVE_INTTYPES_H
| # include <inttypes.h>
| #endif
| #ifdef HAVE_STDINT_H
| # include <stdint.h>
| #endif
| #ifdef HAVE_UNISTD_H
| # include <unistd.h>
| #endif
| int
| main ()
| {
| if (sizeof ((ssize_t)))
| 	    return 0;
|   ;
|   return 0;
| }
configure:5513: result: yes
configure:5529: checking size of int
configure:5534: gcc -o conftest  -I/usr/include/python2.7  conftest.c  >&5
configure:5534: $? = 0
configure:5534: ./conftest
configure:5534: $? = 0
configure:5548: result: 4
configure:5562: checking size of char
configure:5567: gcc -o conftest  -I/usr/include/python2.7  conftest.c  >&5
configure:5567: $? = 0
configure:5567: ./conftest
configure:5567: $? = 0
configure:5581: result: 1
configure:5595: checking size of short
configure:5600: gcc -o conftest  -I/usr/include/python2.7  conftest.c  >&5
configure:5600: $? = 0
configure:5600: ./conftest
configure:5600: $? = 0
configure:5614: result: 2
configure:5628: checking size of long
configure:5633: gcc -o conftest  -I/usr/include/python2.7  conftest.c  >&5
configure:5633: $? = 0
configure:5633: ./conftest
configure:5633: $? = 0
configure:5647: result: 8
configure:5661: checking size of long long
configure:5666: gcc -o conftest  -I/usr/include/python2.7  conftest.c  >&5
configure:5666: $? = 0
configure:5666: ./conftest
configure:5666: $? = 0
configure:5680: result: 8
configure:5695: checking size of off_t
configure:5700: gcc -o conftest  -I/usr/include/python2.7  conftest.c  >&5
configure:5700: $? = 0
configure:5700: ./conftest
configure:5700: $? = 0
configure:5714: result: 8
configure:5728: checking size of size_t
configure:5733: gcc -o conftest  -I/usr/include/python2.7  conftest.c  >&5
configure:5733: $? = 0
configure:5733: ./conftest
configure:5733: $? = 0
configure:5747: result: 8
configure:5761: checking size of ssize_t
configure:5766: gcc -o conftest  -I/usr/include/python2.7  conftest.c  >&5
configure:5766: $? = 0
configure:5766: ./conftest
configure:5766: $? = 0
configure:5780: result: 8
configure:5791: checking for intptr_t
configure:5791: gcc -c  -I/usr/include/python2.7 conftest.c >&5
configure:5791: $? = 0
configure:5791: gcc -c  -I/usr/include/python2.7 conftest.c >&5
conftest.c: In function 'main':
conftest.c:77:23: error: expected expression before ')' token
   77 | if (sizeof ((intptr_t)))
      |                       ^
configure:5791: $? = 1
configure: failed program was:
| /* confdefs.h */
| #define PACKAGE_NAME ""
| #define PACKAGE_TARNAME ""
| #define PACKAGE_VERSION ""
| #define PACKAGE_STRING ""
| #define PACKAGE_BUGREPORT ""
| #define PACKAGE_URL ""
| #define CONFIG_H_IS_FROM_SAMBA 1
| #define STDC_HEADERS 1
| #define HAVE_SYS_TYPES_H 1
| #define HAVE_SYS_STAT_H 1
| #define HAVE_STDLIB_H 1
| #define HAVE_STRING_H 1
| #define HAVE_MEMORY_H 1
| #define HAVE_STRINGS_H 1
| #define HAVE_INTTYPES_H 1
| #define HAVE_STDINT_H 1
| #define HAVE_UNISTD_H 1
| #define __EXTENSIONS__ 1
| #define _ALL_SOURCE 1
| #define _GNU_SOURCE 1
| #define _POSIX_PTHREAD_SEMANTICS 1
| #define _TANDEM_SOURCE 1
| #ifndef _XOPEN_SOURCE_EXTENDED
| # define _XOPEN_SOURCE_EXTENDED 1
| #endif
| #ifndef _OSF_SOURCE
| # define _OSF_SOURCE 1
| #endif
| #define HAVE_LONG_LONG 1
| #define uint_t unsigned int
| #define SIZEOF_INT 4
| #define SIZEOF_CHAR 1
| #define SIZEOF_SHORT 2
| #define SIZEOF_LONG 8
| #define SIZEOF_LONG_LONG 8
| #define SIZEOF_OFF_T 8
| #define SIZEOF_SIZE_T 8
| #define SIZEOF_SSIZE_T 8
| /* end confdefs.h.  */
| #include <stdio.h>
| #ifdef HAVE_SYS_TYPES_H
| # include <sys/types.h>
| #endif
| #ifdef HAVE_SYS_STAT_H
| # include <sys/stat.h>
| #endif
| #ifdef STDC_HEADERS
| # include <stdlib.h>
| # include <stddef.h>
| #else
| # ifdef HAVE_STDLIB_H
| #  include <stdlib.h>
| # endif
| #endif
| #ifdef HAVE_STRING_H
| # if !defined STDC_HEADERS && defined HAVE_MEMORY_H
| #  include <memory.h>
| # endif
| # include <string.h>
| #endif
| #ifdef HAVE_STRINGS_H
| # include <strings.h>
| #endif
| #ifdef HAVE_INTTYPES_H
| # include <inttypes.h>
| #endif
| #ifdef HAVE_STDINT_H
| # include <stdint.h>
| #endif
| #ifdef HAVE_UNISTD_H
| # include <unistd.h>
| #endif
| int
| main ()
| {
| if (sizeof ((intptr_t)))
| 	    return 0;
|   ;
|   return 0;
| }
configure:5791: result: yes
configure:5802: checking for ptrdiff_t
configure:5802: gcc -c  -I/usr/include/python2.7 conftest.c >&5
configure:5802: $? = 0
configure:5802: gcc -c  -I/usr/include/python2.7 conftest.c >&5
conftest.c: In function 'main':
conftest.c:77:24: error: expected expression before ')' token
   77 | if (sizeof ((ptrdiff_t)))
      |                        ^
configure:5802: $? = 1
configure: failed program was:
| /* confdefs.h */
| #define PACKAGE_NAME ""
| #define PACKAGE_TARNAME ""
| #define PACKAGE_VERSION ""
| #define PACKAGE_STRING ""
| #define PACKAGE_BUGREPORT ""
| #define PACKAGE_URL ""
| #define CONFIG_H_IS_FROM_SAMBA 1
| #define STDC_HEADERS 1
| #define HAVE_SYS_TYPES_H 1
| #define HAVE_SYS_STAT_H 1
| #define HAVE_STDLIB_H 1
| #define HAVE_STRING_H 1
| #define HAVE_MEMORY_H 1
| #define HAVE_STRINGS_H 1
| #define HAVE_INTTYPES_H 1
| #define HAVE_STDINT_H 1
| #define HAVE_UNISTD_H 1
| #define __EXTENSIONS__ 1
| #define _ALL_SOURCE 1
| #define _GNU_SOURCE 1
| #define _POSIX_PTHREAD_SEMANTICS 1
| #define _TANDEM_SOURCE 1
| #ifndef _XOPEN_SOURCE_EXTENDED
| # define _XOPEN_SOURCE_EXTENDED 1
| #endif
| #ifndef _OSF_SOURCE
| # define _OSF_SOURCE 1
| #endif
| #define HAVE_LONG_LONG 1
| #define uint_t unsigned int
| #define SIZEOF_INT 4
| #define SIZEOF_CHAR 1
| #define SIZEOF_SHORT 2
| #define SIZEOF_LONG 8
| #define SIZEOF_LONG_LONG 8
| #define SIZEOF_OFF_T 8
| #define SIZEOF_SIZE_T 8
| #define SIZEOF_SSIZE_T 8
| /* end confdefs.h.  */
| #include <stdio.h>
| #ifdef HAVE_SYS_TYPES_H
| # include <sys/types.h>
| #endif
| #ifdef HAVE_SYS_STAT_H
| # include <sys/stat.h>
| #endif
| #ifdef STDC_HEADERS
| # include <stdlib.h>
| # include <stddef.h>
| #else
| # ifdef HAVE_STDLIB_H
| #  include <stdlib.h>
| # endif
| #endif
| #ifdef HAVE_STRING_H
| # if !defined STDC_HEADERS && defined HAVE_MEMORY_H
| #  include <memory.h>
| # endif
| # include <string.h>
| #endif
| #ifdef HAVE_STRINGS_H
| # include <strings.h>
| #endif
| #ifdef HAVE_INTTYPES_H
| # include <inttypes.h>
| #endif
| #ifdef HAVE_STDINT_H
| # include <stdint.h>
| #endif
| #ifdef HAVE_UNISTD_H
| # include <unistd.h>
| #endif
| int
| main ()
| {
| if (sizeof ((ptrdiff_t)))
| 	    return 0;
|   ;
|   return 0;
| }
configure:5802: result: yes
configure:5824: checking for immediate structures
configure:5853: gcc -c  -I/usr/include/python2.7 conftest.c >&5
configure:5853: $? = 0
configure:5861: result: yes
configure:5889: checking for C99 designated initializers
configure:5905: gcc -c  -g -I/usr/include/python2.7 conftest.c >&5
configure:5905: $? = 0
configure:5906: result: yes
configure:6048: checking that the C compiler understands negative enum values
configure:6076: gcc -o conftest  -g -I/usr/include/python2.7  conftest.c  >&5
configure:6076: $? = 0
configure:6076: ./conftest
configure:6076: $? = 0
configure:6086: result: yes
configure:6094: checking for test routines
configure:6104: gcc -o conftest  -g -I/usr/include/python2.7  conftest.c  >&5
In file included from conftest.c:42:
./build/tests/trivial.c:4:1: error: return type defaults to 'int' [-Wimplicit-int]
    4 | main()
      | ^~~~
configure:6104: $? = 1
configure: program exited with status 1
configure: failed program was:
| /* confdefs.h */
| #define PACKAGE_NAME ""
| #define PACKAGE_TARNAME ""
| #define PACKAGE_VERSION ""
| #define PACKAGE_STRING ""
| #define PACKAGE_BUGREPORT ""
| #define PACKAGE_URL ""
| #define CONFIG_H_IS_FROM_SAMBA 1
| #define STDC_HEADERS 1
| #define HAVE_SYS_TYPES_H 1
| #define HAVE_SYS_STAT_H 1
| #define HAVE_STDLIB_H 1
| #define HAVE_STRING_H 1
| #define HAVE_MEMORY_H 1
| #define HAVE_STRINGS_H 1
| #define HAVE_INTTYPES_H 1
| #define HAVE_STDINT_H 1
| #define HAVE_UNISTD_H 1
| #define __EXTENSIONS__ 1
| #define _ALL_SOURCE 1
| #define _GNU_SOURCE 1
| #define _POSIX_PTHREAD_SEMANTICS 1
| #define _TANDEM_SOURCE 1
| #ifndef _XOPEN_SOURCE_EXTENDED
| # define _XOPEN_SOURCE_EXTENDED 1
| #endif
| #ifndef _OSF_SOURCE
| # define _OSF_SOURCE 1
| #endif
| #define HAVE_LONG_LONG 1
| #define uint_t unsigned int
| #define SIZEOF_INT 4
| #define SIZEOF_CHAR 1
| #define SIZEOF_SHORT 2
| #define SIZEOF_LONG 8
| #define SIZEOF_LONG_LONG 8
| #define SIZEOF_OFF_T 8
| #define SIZEOF_SIZE_T 8
| #define SIZEOF_SSIZE_T 8
| #define HAVE_IMMEDIATE_STRUCTURES 1
| /* end confdefs.h.  */
| #include "./build/tests/trivial.c"
configure:6108: error: cant find test code. Aborting config

## ---------------- ##
## Cache variables. ##
## ---------------- ##

ac_cv_build=x86_64-pc-linux-gnu
ac_cv_c_bigendian=no
ac_cv_c_compiler_gnu=yes
ac_cv_c_inline=inline
ac_cv_env_CC_set=
ac_cv_env_CC_value=
ac_cv_env_CFLAGS_set=
ac_cv_env_CFLAGS_value=
ac_cv_env_CPPFLAGS_set=set
ac_cv_env_CPPFLAGS_value=-I/usr/include/python2.7
ac_cv_env_CPP_set=set
ac_cv_env_CPP_value='gcc -E -ffreestanding'
ac_cv_env_LDFLAGS_set=
ac_cv_env_LDFLAGS_value=
ac_cv_env_LIBS_set=
ac_cv_env_LIBS_value=
ac_cv_env_YACC_set=
ac_cv_env_YACC_value=
ac_cv_env_YFLAGS_set=
ac_cv_env_YFLAGS_value=
ac_cv_env_build_alias_set=
ac_cv_env_build_alias_value=
ac_cv_env_host_alias_set=
ac_cv_env_host_alias_value=
ac_cv_env_target_alias_set=
ac_cv_env_target_alias_value=
ac_cv_header_inttypes_h=yes
ac_cv_header_memory_h=yes
ac_cv_header_minix_config_h=no
ac_cv_header_standards_h=no
ac_cv_header_stdc=yes
ac_cv_header_stdint_h=yes
ac_cv_header_stdlib_h=yes
ac_cv_header_string_h=yes
ac_cv_header_strings_h=yes
ac_cv_header_sys_stat_h=yes
ac_cv_header_sys_types_h=yes
ac_cv_header_unistd_h=yes
ac_cv_host=x86_64-pc-linux-gnu
ac_cv_objext=o
ac_cv_path_EGREP='/usr/bin/grep -E'
ac_cv_path_GREP=/usr/bin/grep
ac_cv_path_PERL=/usr/bin/perl
ac_cv_path_YAPP=false
ac_cv_path_install='/usr/bin/install -c'
ac_cv_prog_CPP='gcc -E -ffreestanding'
ac_cv_prog_ac_ct_CC=gcc
ac_cv_prog_cc_Ae=no
ac_cv_prog_cc_c89=
ac_cv_prog_cc_g=yes
ac_cv_safe_to_define___extensions__=yes
ac_cv_search_strerror='none required'
ac_cv_sizeof_char=1
ac_cv_sizeof_int=4
ac_cv_sizeof_long=8
ac_cv_sizeof_long_long=8
ac_cv_sizeof_off_t=8
ac_cv_sizeof_short=2
ac_cv_sizeof_size_t=8
ac_cv_sizeof_ssize_t=8
ac_cv_sys_file_offset_bits=no
ac_cv_sys_largefile_CC=no
ac_cv_target=x86_64-pc-linux-gnu
ac_cv_type_int16_t=yes
ac_cv_type_int32_t=yes
ac_cv_type_int64_t=yes
ac_cv_type_int8_t=yes
ac_cv_type_intptr_t=yes
ac_cv_type_long_long=yes
ac_cv_type_ptrdiff_t=yes
ac_cv_type_size_t=yes
ac_cv_type_ssize_t=yes
ac_cv_type_uint16_t=yes
ac_cv_type_uint32_t=yes
ac_cv_type_uint64_t=yes
ac_cv_type_uint8_t=yes
ac_cv_type_uint_t=no
libreplace_cv_immediate_structures=yes
samba_cv_c99_struct_initialization=yes

## ----------------- ##
## Output variables. ##
## ----------------- ##

BLDSHARED=''
CC='gcc'
CFLAGS=' -g'
CPP='gcc -E -ffreestanding'
CPPFLAGS='-I/usr/include/python2.7'
DEFAULT_TEST_TARGET=''
DEFS=''
ECHO_C=''
ECHO_N='-n'
ECHO_T=''
EGREP='/usr/bin/grep -E'
EXEEXT=''
GCOV=''
GNU_MAKE=''
GNU_MAKE_VERSION=''
GREP='/usr/bin/grep'
HAVE_SOCKET_WRAPPER=''
HOSTCC=''
INSTALL_DATA='${INSTALL} -m 644'
INSTALL_PROGRAM='${INSTALL}'
INSTALL_SCRIPT='${INSTALL}'
LD=''
LDFLAGS=''
LEX=''
LEXLIB=''
LEX_OUTPUT_ROOT=''
LIBDL=''
LIBOBJS=''
LIBREPLACEOBJ='replace.o'
LIBS=''
LIB_dn_expand=''
LIB_res_ndestroy=''
LIB_res_nsearch=''
LIB_res_search=''
LTLIBOBJS=''
MAKE=''
OBJEXT='o'
PACKAGE_BUGREPORT=''
PACKAGE_NAME=''
PACKAGE_STRING=''
PACKAGE_TARNAME=''
PACKAGE_URL=''
PACKAGE_VERSION=''
PATH_SEPARATOR=':'
PERL='/usr/bin/perl -W'
PICFLAG=''
PIDL_ARGS=''
PKG_CONFIG=''
POPTOBJ=''
POPT_CFLAGS=''
POPT_LIBS=''
PROG_AR=''
PROG_LD=''
PYTHON=''
SHELL='/bin/sh'
SHLD=''
SHLD_FLAGS=''
SHLD_UNDEF_FLAGS=''
SHLIBEXT=''
SONAMEFLAG=''
STLD=''
STLD_FLAGS=''
TALLOCOBJ=''
TDBOBJ=''
USESHARED=''
VOID_RETSIGTYPE=''
XSLTPROC=''
YACC=''
YAPP='false'
YFLAGS=''
ac_ct_CC='gcc'
ac_default_prefix='/usr/local/samba'
automatic_dependencies=''
bindir='${exec_prefix}/bin'
build='x86_64-pc-linux-gnu'
build_alias=''
build_cpu='x86_64'
build_os='linux-gnu'
build_vendor='pc'
builddir='.'
datadir='${datarootdir}'
datarootdir='${prefix}/share'
developer='no'
docdir='${datarootdir}/doc/${PACKAGE}'
dvidir='${docdir}'
exec_prefix='NONE'
host='x86_64-pc-linux-gnu'
host_alias=''
host_cpu='x86_64'
host_os='linux-gnu'
host_vendor='pc'
htmldir='${docdir}'
includedir='${prefix}/include'
infodir='${datarootdir}/info'
libdir='${exec_prefix}/lib'
libexecdir='${exec_prefix}/libexec'
libreplace_cv_immediate_structures='yes'
libreplacedir='./lib/replace'
localedir='${datarootdir}/locale'
localstatedir='${prefix}/var'
lockdir='${prefix}/var/locks'
logfilebase='${prefix}/var'
mandir='${datarootdir}/man'
modulesdir='${prefix}/modules'
oldincludedir='/usr/include'
pdfdir='${docdir}'
piddir='${prefix}/var/run'
poptdir=''
precompiled_headers=''
prefix='NONE'
privatedir='${prefix}/private'
program_transform_name='s,x,x,'
psdir='${docdir}'
runstatedir='${localstatedir}/run'
sbindir='${exec_prefix}/sbin'
selftest_prefix='./st'
sharedstatedir='${prefix}/com'
srcdir='.'
sysconfdir='${prefix}/etc'
tallocdir=''
target='x86_64-pc-linux-gnu'
target_alias=''
target_cpu='x86_64'
target_os='linux-gnu'
target_vendor='pc'
tdbdir=''
visibility_attribute=''
winbindd_socket_dir='${prefix}/var/run/winbind_pipe'

## ----------- ##
## confdefs.h. ##
## ----------- ##

/* confdefs.h */
#define PACKAGE_NAME ""
#define PACKAGE_TARNAME ""
#define PACKAGE_VERSION ""
#define PACKAGE_STRING ""
#define PACKAGE_BUGREPORT ""
#define PACKAGE_URL ""
#define CONFIG_H_IS_FROM_SAMBA 1
#define STDC_HEADERS 1
#define HAVE_SYS_TYPES_H 1
#define HAVE_SYS_STAT_H 1
#define HAVE_STDLIB_H 1
#define HAVE_STRING_H 1
#define HAVE_MEMORY_H 1
#define HAVE_STRINGS_H 1
#define HAVE_INTTYPES_H 1
#define HAVE_STDINT_H 1
#define HAVE_UNISTD_H 1
#define __EXTENSIONS__ 1
#define _ALL_SOURCE 1
#define _GNU_SOURCE 1
#define _POSIX_PTHREAD_SEMANTICS 1
#define _TANDEM_SOURCE 1
#ifndef _XOPEN_SOURCE_EXTENDED
# define _XOPEN_SOURCE_EXTENDED 1
#endif
#ifndef _OSF_SOURCE
# define _OSF_SOURCE 1
#endif
#define HAVE_LONG_LONG 1
#define uint_t unsigned int
#define SIZEOF_INT 4
#define SIZEOF_CHAR 1
#define SIZEOF_SHORT 2
#define SIZEOF_LONG 8
#define SIZEOF_LONG_LONG 8
#define SIZEOF_OFF_T 8
#define SIZEOF_SIZE_T 8
#define SIZEOF_SSIZE_T 8
#define HAVE_IMMEDIATE_STRUCTURES 1

configure: exit 1
